<?xml version="1.0" encoding="UTF-8"?>
<!-- Generated by org.testng.reporters.JUnitReportReporter -->
<testsuite hostname="RojaRamani" failures="0" tests="1" name="com.goibibo.testcases.SingleTripTest" time="40.058" errors="0" timestamp="09 Sep 2020 14:20:38 GMT" skipped="0">
  <testcase classname="com.goibibo.testcases.SingleTripTest" name="SingleTripPaymentTest" time="40.058"/>
</testsuite> <!-- com.goibibo.testcases.SingleTripTest -->
