<?xml version="1.0" encoding="UTF-8"?>
<!-- Generated by org.testng.reporters.JUnitReportReporter -->
<testsuite hostname="RojaRamani" failures="0" tests="1" name="com.goibibo.testcases.SingleTripTest" time="54.461" errors="0" timestamp="10 Sep 2020 06:07:11 GMT" skipped="0">
  <testcase classname="com.goibibo.testcases.SingleTripTest" name="SingleTripPaymentTest" time="54.461"/>
</testsuite> <!-- com.goibibo.testcases.SingleTripTest -->
