<?xml version="1.0" encoding="UTF-8"?>
<!-- Generated by org.testng.reporters.JUnitReportReporter -->
<testsuite hostname="RojaRamani" failures="0" tests="1" name="com.goibibo.testcases.SingleTripTest" time="66.381" errors="0" timestamp="10 Sep 2020 05:18:49 GMT" skipped="0">
  <testcase classname="com.goibibo.testcases.SingleTripTest" name="SingleTripPaymentTest" time="66.381"/>
</testsuite> <!-- com.goibibo.testcases.SingleTripTest -->
